Comunicación Realizada	 Fecha: Fri Dec  9 18:57:28 2022 Nombre del host: localhost IP: 16777343 Protocolo: UDP Puerto: 40644
Mensaje Enviado			 Fecha: Fri Dec  9 18:57:28 2022 Nombre del host: localhost IP: 16777343 Protocolo: UDP Puerto: 40644 Mensaje: 220 Servicio de transferencia simple de correo preparado
Comunicación Realizada	 Fecha: Fri Dec  9 18:57:28 2022 Nombre del host: localhost IP: 16777343 Protocolo: UDP Puerto: 59461
Mensaje Enviado			 Fecha: Fri Dec  9 18:57:28 2022 Nombre del host: localhost IP: 16777343 Protocolo: UDP Puerto: 59461 Mensaje: 220 Servicio de transferencia simple de correo preparado
Comunicación Realizada	 Fecha: Fri Dec  9 18:57:28 2022 Nombre del host: localhost IP: 16777343 Protocolo: UDP Puerto: 47459
Mensaje Recibido		 Fecha: Fri Dec  9 18:57:28 2022 Nombre del host: localhost IP: 16777343 Protocolo: UDP Puerto: 40644 Mensaje: HELO usal.es
Mensaje Enviado			 Fecha: Fri Dec  9 18:57:28 2022 Nombre del host: localhost IP: 16777343 Protocolo: UDP Puerto: 47459 Mensaje: 220 Servicio de transferencia simple de correo preparado
Mensaje Recibido		 Fecha: Fri Dec  9 18:57:28 2022 Nombre del host: localhost IP: 16777343 Protocolo: UDP Puerto: 59461 Mensaje: HOLA usal.es
Mensaje Enviado			 Fecha: Fri Dec  9 18:57:28 2022 Nombre del host: localhost IP: 16777343 Protocolo: UDP Puerto: 40644 Mensaje: 250 OK
Mensaje Recibido		 Fecha: Fri Dec  9 18:57:28 2022 Nombre del host: localhost IP: 16777343 Protocolo: UDP Puerto: 47459 Mensaje: HELO usal.es
Mensaje Recibido		 Fecha: Fri Dec  9 18:57:28 2022 Nombre del host: localhost IP: 16777343 Protocolo: UDP Puerto: 40644 Mensaje: RCPT TO: <Jones@Beta.ARPA>
Mensaje Enviado			 Fecha: Fri Dec  9 18:57:28 2022 Nombre del host: localhost IP: 16777343 Protocolo: UDP Puerto: 59461 Mensaje: 500 Error de sintaxis
Mensaje Enviado			 Fecha: Fri Dec  9 18:57:28 2022 Nombre del host: localhost IP: 16777343 Protocolo: UDP Puerto: 40644 Mensaje: 500 Error de sintaxis
Mensaje Enviado			 Fecha: Fri Dec  9 18:57:28 2022 Nombre del host: localhost IP: 16777343 Protocolo: UDP Puerto: 47459 Mensaje: 250 OK
Mensaje Recibido		 Fecha: Fri Dec  9 18:57:28 2022 Nombre del host: localhost IP: 16777343 Protocolo: UDP Puerto: 47459 Mensaje: MAIL FROM <pepe>
Mensaje Recibido		 Fecha: Fri Dec  9 18:57:28 2022 Nombre del host: localhost IP: 16777343 Protocolo: UDP Puerto: 40644 Mensaje: MAIL FROM: <Smith@Alpha.ARPA>
Mensaje Enviado			 Fecha: Fri Dec  9 18:57:28 2022 Nombre del host: localhost IP: 16777343 Protocolo: UDP Puerto: 47459 Mensaje: 500 Error de sintaxis
Mensaje Recibido		 Fecha: Fri Dec  9 18:57:28 2022 Nombre del host: localhost IP: 16777343 Protocolo: UDP Puerto: 59461 Mensaje: HELO usal.es
Mensaje Recibido		 Fecha: Fri Dec  9 18:57:28 2022 Nombre del host: localhost IP: 16777343 Protocolo: UDP Puerto: 47459 Mensaje: MAIL FROM: <Smith@Alpha.ARPA>
Mensaje Enviado			 Fecha: Fri Dec  9 18:57:28 2022 Nombre del host: localhost IP: 16777343 Protocolo: UDP Puerto: 40644 Mensaje: 250 OK
Mensaje Enviado			 Fecha: Fri Dec  9 18:57:28 2022 Nombre del host: localhost IP: 16777343 Protocolo: UDP Puerto: 59461 Mensaje: 250 OK
Mensaje Enviado			 Fecha: Fri Dec  9 18:57:28 2022 Nombre del host: localhost IP: 16777343 Protocolo: UDP Puerto: 47459 Mensaje: 250 OK
Mensaje Recibido		 Fecha: Fri Dec  9 18:57:28 2022 Nombre del host: localhost IP: 16777343 Protocolo: UDP Puerto: 40644 Mensaje: RCPT TO: <Jones@Beta.ARPA>
Mensaje Recibido		 Fecha: Fri Dec  9 18:57:28 2022 Nombre del host: localhost IP: 16777343 Protocolo: UDP Puerto: 59461 Mensaje: MAIL FROM: <Smith@Alpha.ARPA>
Mensaje Recibido		 Fecha: Fri Dec  9 18:57:28 2022 Nombre del host: localhost IP: 16777343 Protocolo: UDP Puerto: 47459 Mensaje: RCPT TO: <Jones@Beta.ARPA>
Mensaje Enviado			 Fecha: Fri Dec  9 18:57:28 2022 Nombre del host: localhost IP: 16777343 Protocolo: UDP Puerto: 40644 Mensaje: 250 OK
Mensaje Enviado			 Fecha: Fri Dec  9 18:57:28 2022 Nombre del host: localhost IP: 16777343 Protocolo: UDP Puerto: 59461 Mensaje: 250 OK
Mensaje Enviado			 Fecha: Fri Dec  9 18:57:28 2022 Nombre del host: localhost IP: 16777343 Protocolo: UDP Puerto: 47459 Mensaje: 250 OK
Mensaje Recibido		 Fecha: Fri Dec  9 18:57:28 2022 Nombre del host: localhost IP: 16777343 Protocolo: UDP Puerto: 40644 Mensaje: RCPT TO: <Brown@Beta.ARPA>
Mensaje Recibido		 Fecha: Fri Dec  9 18:57:28 2022 Nombre del host: localhost IP: 16777343 Protocolo: UDP Puerto: 59461 Mensaje: DATA
Mensaje Recibido		 Fecha: Fri Dec  9 18:57:28 2022 Nombre del host: localhost IP: 16777343 Protocolo: UDP Puerto: 47459 Mensaje: RCPT TO: <Brown@Beta.ARPA>
Mensaje Enviado			 Fecha: Fri Dec  9 18:57:28 2022 Nombre del host: localhost IP: 16777343 Protocolo: UDP Puerto: 59461 Mensaje: 500 Error de sintaxis
Mensaje Enviado			 Fecha: Fri Dec  9 18:57:28 2022 Nombre del host: localhost IP: 16777343 Protocolo: UDP Puerto: 40644 Mensaje: 250 OK
Mensaje Enviado			 Fecha: Fri Dec  9 18:57:28 2022 Nombre del host: localhost IP: 16777343 Protocolo: UDP Puerto: 47459 Mensaje: 250 OK
Mensaje Recibido		 Fecha: Fri Dec  9 18:57:28 2022 Nombre del host: localhost IP: 16777343 Protocolo: UDP Puerto: 59461 Mensaje: RCPT TO: <Jones@Beta.ARPA>
Mensaje Recibido		 Fecha: Fri Dec  9 18:57:28 2022 Nombre del host: localhost IP: 16777343 Protocolo: UDP Puerto: 40644 Mensaje: DATA
Mensaje Recibido		 Fecha: Fri Dec  9 18:57:28 2022 Nombre del host: localhost IP: 16777343 Protocolo: UDP Puerto: 47459 Mensaje: DATOS
Mensaje Enviado			 Fecha: Fri Dec  9 18:57:28 2022 Nombre del host: localhost IP: 16777343 Protocolo: UDP Puerto: 59461 Mensaje: 250 OK
Mensaje Enviado			 Fecha: Fri Dec  9 18:57:28 2022 Nombre del host: localhost IP: 16777343 Protocolo: UDP Puerto: 47459 Mensaje: 500 Error de sintaxis
Mensaje Enviado			 Fecha: Fri Dec  9 18:57:28 2022 Nombre del host: localhost IP: 16777343 Protocolo: UDP Puerto: 40644 Mensaje: 354 Comenzando con el texto del correo, finalice con .
Mensaje Recibido		 Fecha: Fri Dec  9 18:57:28 2022 Nombre del host: localhost IP: 16777343 Protocolo: UDP Puerto: 59461 Mensaje: DATA
Mensaje Enviado			 Fecha: Fri Dec  9 18:57:28 2022 Nombre del host: localhost IP: 16777343 Protocolo: UDP Puerto: 59461 Mensaje: 354 Comenzando con el texto del correo, finalice con .
Mensaje Recibido		 Fecha: Fri Dec  9 18:57:28 2022 Nombre del host: localhost IP: 16777343 Protocolo: UDP Puerto: 47459 Mensaje: DATA
Mensaje Enviado			 Fecha: Fri Dec  9 18:57:28 2022 Nombre del host: localhost IP: 16777343 Protocolo: UDP Puerto: 47459 Mensaje: 354 Comenzando con el texto del correo, finalice con .
Mensaje Recibido		 Fecha: Fri Dec  9 18:57:28 2022 Nombre del host: localhost IP: 16777343 Protocolo: UDP Puerto: 40644 Mensaje: Texto de mi primer correo.
Mensaje Recibido		 Fecha: Fri Dec  9 18:57:28 2022 Nombre del host: localhost IP: 16777343 Protocolo: UDP Puerto: 40644 Mensaje: Linea 2 de mi correo en ordenes.txt
Mensaje Recibido		 Fecha: Fri Dec  9 18:57:28 2022 Nombre del host: localhost IP: 16777343 Protocolo: UDP Puerto: 59461 Mensaje: Texto de mi correo en ordenes1.txt
Mensaje Recibido		 Fecha: Fri Dec  9 18:57:28 2022 Nombre del host: localhost IP: 16777343 Protocolo: UDP Puerto: 47459 Mensaje: Texto de mi correo 2.
Mensaje Recibido		 Fecha: Fri Dec  9 18:57:28 2022 Nombre del host: localhost IP: 16777343 Protocolo: UDP Puerto: 59461 Mensaje: Linea 2 de mi correo en ordenes1.txt
Mensaje Recibido		 Fecha: Fri Dec  9 18:57:28 2022 Nombre del host: localhost IP: 16777343 Protocolo: UDP Puerto: 40644 Mensaje: .
Mensaje Recibido		 Fecha: Fri Dec  9 18:57:28 2022 Nombre del host: localhost IP: 16777343 Protocolo: UDP Puerto: 47459 Mensaje: Linea 2 de mi correo en ordenes2.txt
Mensaje Recibido		 Fecha: Fri Dec  9 18:57:28 2022 Nombre del host: localhost IP: 16777343 Protocolo: UDP Puerto: 47459 Mensaje: .
Mensaje Enviado			 Fecha: Fri Dec  9 18:57:28 2022 Nombre del host: localhost IP: 16777343 Protocolo: UDP Puerto: 40644 Mensaje: 250 OK
Mensaje Recibido		 Fecha: Fri Dec  9 18:57:28 2022 Nombre del host: localhost IP: 16777343 Protocolo: UDP Puerto: 59461 Mensaje: .
Mensaje Recibido		 Fecha: Fri Dec  9 18:57:28 2022 Nombre del host: localhost IP: 16777343 Protocolo: UDP Puerto: 40644 Mensaje: MAIL FROM: <pp@usal.es>
Mensaje Enviado			 Fecha: Fri Dec  9 18:57:28 2022 Nombre del host: localhost IP: 16777343 Protocolo: UDP Puerto: 47459 Mensaje: 250 OK
Mensaje Enviado			 Fecha: Fri Dec  9 18:57:28 2022 Nombre del host: localhost IP: 16777343 Protocolo: UDP Puerto: 59461 Mensaje: 250 OK
Mensaje Recibido		 Fecha: Fri Dec  9 18:57:28 2022 Nombre del host: localhost IP: 16777343 Protocolo: UDP Puerto: 47459 Mensaje: MAIL FROM: <manolo.usal.es>
Mensaje Recibido		 Fecha: Fri Dec  9 18:57:28 2022 Nombre del host: localhost IP: 16777343 Protocolo: UDP Puerto: 59461 Mensaje: QUIT
Mensaje Enviado			 Fecha: Fri Dec  9 18:57:28 2022 Nombre del host: localhost IP: 16777343 Protocolo: UDP Puerto: 40644 Mensaje: 250 OK
Mensaje Recibido		 Fecha: Fri Dec  9 18:57:28 2022 Nombre del host: localhost IP: 16777343 Protocolo: UDP Puerto: 40644 Mensaje: RCPT TO: <juan@usal.es>
Mensaje Enviado			 Fecha: Fri Dec  9 18:57:28 2022 Nombre del host: localhost IP: 16777343 Protocolo: UDP Puerto: 59461 Mensaje: 221 Cerrando el servicio
Mensaje Enviado			 Fecha: Fri Dec  9 18:57:28 2022 Nombre del host: localhost IP: 16777343 Protocolo: UDP Puerto: 40644 Mensaje: 250 OK
Mensaje Enviado			 Fecha: Fri Dec  9 18:57:28 2022 Nombre del host: localhost IP: 16777343 Protocolo: UDP Puerto: 47459 Mensaje: 500 Error de sintaxis
Mensaje Recibido		 Fecha: Fri Dec  9 18:57:28 2022 Nombre del host: localhost IP: 16777343 Protocolo: UDP Puerto: 47459 Mensaje: MAIL FROM: <manolo@usal.es>
Mensaje Enviado			 Fecha: Fri Dec  9 18:57:28 2022 Nombre del host: localhost IP: 16777343 Protocolo: UDP Puerto: 47459 Mensaje: 250 OK
Mensaje Recibido		 Fecha: Fri Dec  9 18:57:28 2022 Nombre del host: localhost IP: 16777343 Protocolo: UDP Puerto: 47459 Mensaje: RCPT TO <cristina@usal.es>
Mensaje Recibido		 Fecha: Fri Dec  9 18:57:28 2022 Nombre del host: localhost IP: 16777343 Protocolo: UDP Puerto: 40644 Mensaje: DATA
Mensaje Enviado			 Fecha: Fri Dec  9 18:57:28 2022 Nombre del host: localhost IP: 16777343 Protocolo: UDP Puerto: 47459 Mensaje: 500 Error de sintaxis
Mensaje Enviado			 Fecha: Fri Dec  9 18:57:28 2022 Nombre del host: localhost IP: 16777343 Protocolo: UDP Puerto: 40644 Mensaje: 354 Comenzando con el texto del correo, finalice con .
Mensaje Recibido		 Fecha: Fri Dec  9 18:57:28 2022 Nombre del host: localhost IP: 16777343 Protocolo: UDP Puerto: 47459 Mensaje: RCPT TO: <cristina@usal.es>
Mensaje Enviado			 Fecha: Fri Dec  9 18:57:28 2022 Nombre del host: localhost IP: 16777343 Protocolo: UDP Puerto: 47459 Mensaje: 250 OK
Mensaje Recibido		 Fecha: Fri Dec  9 18:57:28 2022 Nombre del host: localhost IP: 16777343 Protocolo: UDP Puerto: 40644 Mensaje: Texto de mi segundo correo.
Mensaje Recibido		 Fecha: Fri Dec  9 18:57:28 2022 Nombre del host: localhost IP: 16777343 Protocolo: UDP Puerto: 40644 Mensaje: Linea 2 de mi segundo correo en ordenes.txt
Mensaje Recibido		 Fecha: Fri Dec  9 18:57:28 2022 Nombre del host: localhost IP: 16777343 Protocolo: UDP Puerto: 47459 Mensaje: DATA
Mensaje Recibido		 Fecha: Fri Dec  9 18:57:28 2022 Nombre del host: localhost IP: 16777343 Protocolo: UDP Puerto: 40644 Mensaje: .
Mensaje Enviado			 Fecha: Fri Dec  9 18:57:28 2022 Nombre del host: localhost IP: 16777343 Protocolo: UDP Puerto: 40644 Mensaje: 250 OK
Mensaje Enviado			 Fecha: Fri Dec  9 18:57:28 2022 Nombre del host: localhost IP: 16777343 Protocolo: UDP Puerto: 47459 Mensaje: 354 Comenzando con el texto del correo, finalice con .
Mensaje Recibido		 Fecha: Fri Dec  9 18:57:28 2022 Nombre del host: localhost IP: 16777343 Protocolo: UDP Puerto: 40644 Mensaje: QUIT
Mensaje Enviado			 Fecha: Fri Dec  9 18:57:28 2022 Nombre del host: localhost IP: 16777343 Protocolo: UDP Puerto: 40644 Mensaje: 221 Cerrando el servicio
Mensaje Recibido		 Fecha: Fri Dec  9 18:57:28 2022 Nombre del host: localhost IP: 16777343 Protocolo: UDP Puerto: 47459 Mensaje: Texto de mi correo 22.
Mensaje Recibido		 Fecha: Fri Dec  9 18:57:28 2022 Nombre del host: localhost IP: 16777343 Protocolo: UDP Puerto: 47459 Mensaje: DATA
Mensaje Recibido		 Fecha: Fri Dec  9 18:57:28 2022 Nombre del host: localhost IP: 16777343 Protocolo: UDP Puerto: 47459 Mensaje: Linea 2 de mi correo en ordenes2.txt
Mensaje Recibido		 Fecha: Fri Dec  9 18:57:28 2022 Nombre del host: localhost IP: 16777343 Protocolo: UDP Puerto: 47459 Mensaje: .
Mensaje Enviado			 Fecha: Fri Dec  9 18:57:28 2022 Nombre del host: localhost IP: 16777343 Protocolo: UDP Puerto: 47459 Mensaje: 250 OK
Mensaje Recibido		 Fecha: Fri Dec  9 18:57:28 2022 Nombre del host: localhost IP: 16777343 Protocolo: UDP Puerto: 47459 Mensaje: QUIT
Mensaje Enviado			 Fecha: Fri Dec  9 18:57:28 2022 Nombre del host: localhost IP: 16777343 Protocolo: UDP Puerto: 47459 Mensaje: 221 Cerrando el servicio
